<?xml version="1.0" encoding="UTF-8"?>
<testng-results ignored="0" total="1" passed="1" failed="0" skipped="0">
  <reporter-output>
  </reporter-output>
  <suite started-at="2021-07-26T07:38:29Z" name="Sample Test Suite" finished-at="2021-07-26T07:45:21Z" duration-ms="412117">
    <groups>
    </groups>
    <test started-at="2021-07-26T07:38:29Z" name="Test Automation" finished-at="2021-07-26T07:45:21Z" duration-ms="412117">
      <class name="test.java.SampleTest">
        <test-method is-config="true" signature="beforeTestMethod()[pri:0, instance:test.java.SampleTest@209da20d]" started-at="2021-07-26T13:08:29Z" name="beforeTestMethod" finished-at="2021-07-26T13:08:30Z" duration-ms="1070" status="PASS">
          <reporter-output>
          </reporter-output>
        </test-method> <!-- beforeTestMethod -->
        <test-method is-config="true" signature="beforeMethodMethod(java.lang.String, java.lang.reflect.Method)[pri:0, instance:test.java.SampleTest@209da20d]" started-at="2021-07-26T13:08:30Z" name="beforeMethodMethod" finished-at="2021-07-26T13:12:30Z" duration-ms="239721" status="PASS">
          <params>
            <param index="0">
              <value>
                <![CDATA[chrome]]>
              </value>
            </param>
            <param index="1">
              <value>
                <![CDATA[public void test.java.SampleTest.sampleMethodForEmailEntering()]]>
              </value>
            </param>
          </params>
          <reporter-output>
          </reporter-output>
        </test-method> <!-- beforeMethodMethod -->
        <test-method signature="sampleMethodForEmailEntering()[pri:0, instance:test.java.SampleTest@209da20d]" started-at="2021-07-26T13:12:30Z" name="sampleMethodForEmailEntering" finished-at="2021-07-26T13:15:14Z" duration-ms="163989" status="PASS">
          <reporter-output>
          </reporter-output>
        </test-method> <!-- sampleMethodForEmailEntering -->
        <test-method is-config="true" signature="afterMethodMethod(org.testng.ITestResult)[pri:0, instance:test.java.SampleTest@209da20d]" started-at="2021-07-26T13:15:14Z" name="afterMethodMethod" finished-at="2021-07-26T13:15:17Z" duration-ms="3009" status="PASS">
          <params>
            <param index="0">
              <value>
                <![CDATA[[TestResult name=sampleMethodForEmailEntering status=SUCCESS method=SampleTest.sampleMethodForEmailEntering()[pri:0, instance:test.java.SampleTest@209da20d] output={null}]]]>
              </value>
            </param>
          </params>
          <reporter-output>
          </reporter-output>
        </test-method> <!-- afterMethodMethod -->
        <test-method is-config="true" signature="afterTestMethod()[pri:0, instance:test.java.SampleTest@209da20d]" started-at="2021-07-26T13:15:17Z" name="afterTestMethod" finished-at="2021-07-26T13:15:21Z" duration-ms="4299" status="PASS">
          <reporter-output>
          </reporter-output>
        </test-method> <!-- afterTestMethod -->
      </class> <!-- test.java.SampleTest -->
    </test> <!-- Test Automation -->
  </suite> <!-- Sample Test Suite -->
</testng-results>
