<?xml version="1.0" encoding="UTF-8"?>
<!-- Generated by org.testng.reporters.JUnitXMLReporter -->
<testsuite ignored="0" hostname="DESKTOP-SGKNLUN" failures="1" tests="1" name="Test Automation" time="37.373" errors="0" timestamp="15 Jul 2021 19:42:28 GMT">
  <testcase classname="test.java.SampleTest" name="sampleMethodForEmailEntering" time="6.159">
    <failure type="java.lang.AssertionError" message="Login Page did not Open expected [true] but found [false]">
      <![CDATA[java.lang.AssertionError: Login Page did not Open expected [true] but found [false]
	at main.java.pageEvents.LoginPageEvents.verifyLoginPageOpened(LoginPageEvents.java:13)
	at test.java.SampleTest.sampleMethodForEmailEntering(SampleTest.java:15)
... Removed 28 stack frames]]>
    </failure>
  </testcase> <!-- sampleMethodForEmailEntering -->
</testsuite> <!-- Test Automation -->
